TN:
SF:src\components\ChatWidget.jsx
FN:11,ChatWidget
FN:25,(anonymous_1)
FN:29,(anonymous_2)
FN:41,(anonymous_3)
FN:42,(anonymous_4)
FN:46,(anonymous_5)
FN:56,(anonymous_6)
FN:69,(anonymous_7)
FN:76,(anonymous_8)
FN:115,(anonymous_9)
FN:122,(anonymous_10)
FN:141,(anonymous_11)
FN:173,(anonymous_12)
FNF:13
FNH:7
FNDA:4,ChatWidget
FNDA:4,(anonymous_1)
FNDA:1,(anonymous_2)
FNDA:0,(anonymous_3)
FNDA:0,(anonymous_4)
FNDA:4,(anonymous_5)
FNDA:1,(anonymous_6)
FNDA:1,(anonymous_7)
FNDA:1,(anonymous_8)
FNDA:0,(anonymous_9)
FNDA:0,(anonymous_10)
FNDA:0,(anonymous_11)
FNDA:0,(anonymous_12)
DA:12,4
DA:13,4
DA:16,4
DA:19,4
DA:20,4
DA:21,4
DA:23,4
DA:24,4
DA:25,4
DA:28,4
DA:29,4
DA:30,1
DA:36,0
DA:37,0
DA:41,4
DA:42,0
DA:46,4
DA:47,4
DA:48,0
DA:53,4
DA:54,4
DA:56,4
DA:57,1
DA:58,1
DA:59,1
DA:60,1
DA:61,1
DA:62,1
DA:63,1
DA:64,1
DA:66,1
DA:69,4
DA:70,1
DA:71,1
DA:72,1
DA:76,4
DA:77,1
DA:78,1
DA:79,1
DA:82,4
DA:115,0
DA:122,0
DA:142,0
DA:173,0
LF:44
LH:36
BRDA:25,0,0,4
BRDA:25,0,1,0
BRDA:30,1,0,0
BRDA:30,1,1,1
BRDA:31,2,0,1
BRDA:31,2,1,1
BRDA:31,2,2,1
BRDA:31,2,3,0
BRDA:47,3,0,0
BRDA:47,3,1,4
BRDA:47,4,0,4
BRDA:47,4,1,4
BRDA:47,4,2,4
BRDA:54,5,0,0
BRDA:54,5,1,4
BRDA:58,6,0,0
BRDA:58,6,1,1
BRDA:58,7,0,1
BRDA:58,7,1,1
BRDA:58,7,2,1
BRDA:58,7,3,1
BRDA:61,8,0,1
BRDA:61,8,1,0
BRDA:70,9,0,1
BRDA:70,9,1,0
BRDA:70,10,0,1
BRDA:70,10,1,1
BRDA:86,11,0,4
BRDA:86,11,1,0
BRDA:90,12,0,4
BRDA:90,12,1,0
BRDA:91,13,0,4
BRDA:91,13,1,0
BRDA:91,13,2,0
BRDA:97,14,0,4
BRDA:97,14,1,4
BRDA:132,15,0,0
BRDA:132,15,1,4
BRDA:137,16,0,0
BRDA:137,16,1,4
BRDA:143,17,0,0
BRDA:143,17,1,0
BRDA:154,18,0,4
BRDA:154,18,1,1
BRDA:169,19,0,4
BRDA:169,19,1,0
BRDA:188,20,0,0
BRDA:188,20,1,4
BRDA:188,21,0,4
BRDA:188,21,1,4
BRDA:194,22,0,0
BRDA:194,22,1,4
BRDA:195,23,0,0
BRDA:195,23,1,4
BRDA:201,24,0,4
BRDA:201,24,1,3
BRDA:201,24,2,3
BRDA:207,25,0,4
BRDA:207,25,1,1
BRDA:207,25,2,1
BRDA:207,25,3,1
BRDA:209,26,0,1
BRDA:209,26,1,3
BRF:63
BRH:43
end_of_record
TN:
SF:src\components\ErrorBoundary.jsx
FN:6,constructor
FN:11,getDerivedStateFromError
FN:15,componentDidCatch
FN:19,(anonymous_3)
FN:23,render
FNF:5
FNH:0
FNDA:0,constructor
FNDA:0,getDerivedStateFromError
FNDA:0,componentDidCatch
FNDA:0,(anonymous_3)
FNDA:0,render
DA:7,0
DA:8,0
DA:12,0
DA:16,0
DA:19,0
DA:20,0
DA:24,0
DA:25,0
DA:67,0
DA:71,0
LF:10
LH:0
BRDA:24,0,0,0
BRDA:24,0,1,0
BRF:2
BRH:0
end_of_record
TN:
SF:src\components\UpgradeModal.jsx
FN:7,UpgradeModal
FN:13,(anonymous_1)
FNF:2
FNH:2
FNDA:2,UpgradeModal
FNDA:1,(anonymous_1)
DA:9,2
DA:11,2
DA:13,2
DA:14,1
DA:15,1
DA:16,1
DA:19,2
DA:66,1
LF:8
LH:8
BRDA:11,0,0,0
BRDA:11,0,1,2
BRDA:15,1,0,1
BRDA:15,1,1,0
BRF:4
BRH:2
end_of_record
TN:
SF:src\config\firebase.js
FNF:0
FNH:0
DA:5,1
DA:14,0
DA:15,2
DA:16,2
LF:4
LH:3
BRF:0
BRH:0
end_of_record
TN:
SF:src\config\__mocks__\firebase.js
FNF:0
FNH:0
DA:3,0
DA:4,0
LF:2
LH:0
BRF:0
BRH:0
end_of_record
TN:
SF:src\context\AuthContext.jsx
FN:19,AuthProvider
FN:24,(anonymous_1)
FN:25,(anonymous_2)
FN:67,(anonymous_3)
FN:73,(anonymous_4)
FN:89,(anonymous_5)
FN:97,(anonymous_6)
FN:105,(anonymous_7)
FN:117,(anonymous_8)
FN:123,(anonymous_9)
FN:137,(anonymous_10)
FN:140,(anonymous_11)
FN:143,(anonymous_12)
FN:165,(anonymous_13)
FNF:14
FNH:11
FNDA:2,AuthProvider
FNDA:13,(anonymous_1)
FNDA:13,(anonymous_2)
FNDA:0,(anonymous_3)
FNDA:0,(anonymous_4)
FNDA:1,(anonymous_5)
FNDA:1,(anonymous_6)
FNDA:1,(anonymous_7)
FNDA:1,(anonymous_8)
FNDA:1,(anonymous_9)
FNDA:0,(anonymous_10)
FNDA:13,(anonymous_11)
FNDA:1,(anonymous_12)
FNDA:13,(anonymous_13)
DA:17,2
DA:20,2
DA:21,2
DA:24,13
DA:25,13
DA:26,13
DA:27,13
DA:29,6
DA:30,6
DA:32,6
DA:36,0
DA:39,0
DA:49,6
DA:51,6
DA:62,0
DA:64,0
DA:67,0
DA:73,0
DA:74,0
DA:75,13
DA:78,1
DA:81,1
DA:83,1
DA:89,1
DA:90,1
DA:91,1
DA:97,1
DA:98,1
DA:99,1
DA:105,1
DA:106,13
DA:109,1
DA:110,1
DA:114,1
DA:117,1
DA:123,1
DA:124,1
DA:127,13
DA:128,0
DA:131,0
DA:137,0
DA:138,0
DA:139,0
DA:140,13
DA:143,1
DA:154,1
DA:161,13
DA:165,13
DA:166,13
DA:167,13
DA:168,2
LF:51
LH:39
BRDA:26,0,0,13
BRDA:26,0,1,0
BRDA:30,1,0,6
BRDA:30,1,1,0
BRDA:33,2,0,6
BRDA:33,2,1,6
BRDA:42,3,0,0
BRDA:42,3,1,0
BRDA:42,3,2,0
BRDA:43,4,0,0
BRDA:43,4,1,0
BRDA:44,5,0,0
BRDA:44,5,1,6
BRDA:46,6,0,6
BRDA:46,6,1,0
BRDA:54,7,0,0
BRDA:54,7,1,0
BRDA:106,8,0,1
BRDA:106,8,1,12
BRDA:109,9,0,1
BRDA:109,9,1,0
BRDA:124,10,0,1
BRDA:124,10,1,0
BRDA:138,11,0,0
BRDA:138,11,1,0
BRDA:167,12,0,13
BRDA:167,12,1,0
BRF:27
BRH:11
end_of_record
TN:
SF:src\context\ChatContext.jsx
FN:11,(anonymous_0)
FN:13,(anonymous_1)
FN:20,(anonymous_2)
FN:26,(anonymous_3)
FN:33,(anonymous_4)
FN:45,ChatProvider
FN:60,(anonymous_6)
FN:65,(anonymous_7)
FN:68,(anonymous_8)
FN:75,(anonymous_9)
FN:87,(anonymous_10)
FN:95,(anonymous_11)
FN:98,(anonymous_12)
FN:131,(anonymous_13)
FN:166,(anonymous_14)
FN:167,(anonymous_15)
FN:175,(anonymous_16)
FN:178,(anonymous_17)
FN:185,(anonymous_18)
FN:186,(anonymous_19)
FN:187,(anonymous_20)
FN:203,(anonymous_21)
FN:207,(anonymous_22)
FN:207,(anonymous_23)
FN:218,(anonymous_24)
FN:218,(anonymous_25)
FN:232,(anonymous_26)
FN:232,(anonymous_27)
FN:241,(anonymous_28)
FN:262,(anonymous_29)
FNF:30
FNH:0
FNDA:0,(anonymous_0)
FNDA:0,(anonymous_1)
FNDA:0,(anonymous_2)
FNDA:0,(anonymous_3)
FNDA:0,(anonymous_4)
FNDA:0,ChatProvider
FNDA:0,(anonymous_6)
FNDA:0,(anonymous_7)
FNDA:0,(anonymous_8)
FNDA:0,(anonymous_9)
FNDA:0,(anonymous_10)
FNDA:0,(anonymous_11)
FNDA:0,(anonymous_12)
FNDA:0,(anonymous_13)
FNDA:0,(anonymous_14)
FNDA:0,(anonymous_15)
FNDA:0,(anonymous_16)
FNDA:0,(anonymous_17)
FNDA:0,(anonymous_18)
FNDA:0,(anonymous_19)
FNDA:0,(anonymous_20)
FNDA:0,(anonymous_21)
FNDA:0,(anonymous_22)
FNDA:0,(anonymous_23)
FNDA:0,(anonymous_24)
FNDA:0,(anonymous_25)
FNDA:0,(anonymous_26)
FNDA:0,(anonymous_27)
FNDA:0,(anonymous_28)
FNDA:0,(anonymous_29)
DA:8,0
DA:11,0
DA:13,0
DA:14,0
DA:15,0
DA:16,0
DA:17,0
DA:20,0
DA:21,0
DA:22,0
DA:26,0
DA:33,0
DA:34,0
DA:35,0
DA:36,0
DA:37,0
DA:38,0
DA:39,0
DA:42,0
DA:46,0
DA:47,0
DA:49,0
DA:50,0
DA:51,0
DA:52,0
DA:53,0
DA:54,0
DA:55,0
DA:56,0
DA:59,0
DA:60,0
DA:61,0
DA:64,0
DA:65,0
DA:68,0
DA:69,0
DA:70,0
DA:75,0
DA:76,0
DA:78,0
DA:81,0
DA:86,0
DA:87,0
DA:88,0
DA:89,0
DA:91,0
DA:95,0
DA:96,0
DA:98,0
DA:100,0
DA:101,0
DA:102,0
DA:103,0
DA:104,0
DA:105,0
DA:106,0
DA:107,0
DA:109,0
DA:110,0
DA:111,0
DA:114,0
DA:115,0
DA:116,0
DA:117,0
DA:118,0
DA:121,0
DA:123,0
DA:127,0
DA:128,0
DA:129,0
DA:131,0
DA:132,0
DA:133,0
DA:141,0
DA:143,0
DA:144,0
DA:145,0
DA:146,0
DA:148,0
DA:149,0
DA:150,0
DA:151,0
DA:154,0
DA:155,0
DA:157,0
DA:161,0
DA:166,0
DA:167,0
DA:168,0
DA:169,0
DA:170,0
DA:171,0
DA:175,0
DA:176,0
DA:177,0
DA:178,0
DA:179,0
DA:180,0
DA:181,0
DA:185,0
DA:186,0
DA:187,0
DA:188,0
DA:189,0
DA:190,0
DA:191,0
DA:192,0
DA:194,0
DA:195,0
DA:198,0
DA:199,0
DA:203,0
DA:204,0
DA:207,0
DA:208,0
DA:209,0
DA:210,0
DA:211,0
DA:213,0
DA:216,0
DA:217,0
DA:218,0
DA:219,0
DA:223,0
DA:224,0
DA:225,0
DA:226,0
DA:229,0
DA:231,0
DA:232,0
DA:233,0
DA:237,0
DA:241,0
DA:254,0
DA:262,0
DA:263,0
DA:264,0
DA:265,0
LF:138
LH:0
BRDA:16,0,0,0
BRDA:16,0,1,0
BRDA:37,1,0,0
BRDA:37,1,1,0
BRDA:38,2,0,0
BRDA:38,2,1,0
BRDA:64,3,0,0
BRDA:64,3,1,0
BRDA:65,4,0,0
BRDA:65,4,1,0
BRDA:69,5,0,0
BRDA:69,5,1,0
BRDA:69,6,0,0
BRDA:69,6,1,0
BRDA:69,6,2,0
BRDA:75,7,0,0
BRDA:76,8,0,0
BRDA:76,8,1,0
BRDA:76,9,0,0
BRDA:76,9,1,0
BRDA:78,10,0,0
BRDA:78,10,1,0
BRDA:78,11,0,0
BRDA:78,11,1,0
BRDA:88,12,0,0
BRDA:88,12,1,0
BRDA:89,13,0,0
BRDA:89,13,1,0
BRDA:96,14,0,0
BRDA:96,14,1,0
BRDA:118,15,0,0
BRDA:118,15,1,0
BRDA:121,16,0,0
BRDA:121,16,1,0
BRDA:123,17,0,0
BRDA:123,17,1,0
BRDA:128,18,0,0
BRDA:128,18,1,0
BRDA:129,19,0,0
BRDA:129,19,1,0
BRDA:132,20,0,0
BRDA:132,20,1,0
BRDA:132,21,0,0
BRDA:132,21,1,0
BRDA:155,22,0,0
BRDA:155,22,1,0
BRDA:168,23,0,0
BRDA:168,23,1,0
BRDA:188,24,0,0
BRDA:188,24,1,0
BRDA:189,25,0,0
BRDA:189,25,1,0
BRDA:198,26,0,0
BRDA:198,26,1,0
BRDA:198,27,0,0
BRDA:198,27,1,0
BRDA:204,28,0,0
BRDA:204,28,1,0
BRDA:204,29,0,0
BRDA:204,29,1,0
BRDA:204,29,2,0
BRDA:208,30,0,0
BRDA:208,30,1,0
BRDA:210,31,0,0
BRDA:210,31,1,0
BRDA:211,32,0,0
BRDA:211,32,1,0
BRDA:219,33,0,0
BRDA:219,33,1,0
BRDA:223,34,0,0
BRDA:223,34,1,0
BRDA:223,35,0,0
BRDA:223,35,1,0
BRDA:233,36,0,0
BRDA:233,36,1,0
BRDA:264,37,0,0
BRDA:264,37,1,0
BRF:77
BRH:0
end_of_record
TN:
SF:src\context\ThemeContext.jsx
FN:6,ThemeProvider
FN:7,(anonymous_1)
FN:14,(anonymous_2)
FN:19,(anonymous_3)
FN:21,(anonymous_4)
FN:31,(anonymous_5)
FNF:6
FNH:4
FNDA:1,ThemeProvider
FNDA:1,(anonymous_1)
FNDA:1,(anonymous_2)
FNDA:0,(anonymous_3)
FNDA:0,(anonymous_4)
FNDA:1,(anonymous_5)
DA:4,1
DA:7,1
DA:8,1
DA:9,1
DA:10,1
DA:11,1
DA:14,1
DA:15,1
DA:16,1
DA:19,1
DA:20,0
DA:21,0
DA:24,1
DA:31,1
DA:32,1
DA:33,1
DA:34,1
LF:17
LH:15
BRDA:10,0,0,0
BRDA:10,0,1,1
BRDA:10,1,0,1
BRDA:10,1,1,0
BRDA:10,1,2,0
BRDA:21,2,0,0
BRDA:21,2,1,0
BRDA:33,3,0,0
BRDA:33,3,1,1
BRF:9
BRH:3
end_of_record
TN:
SF:src\data\mockResults.js
FN:16,(anonymous_0)
FN:22,(anonymous_1)
FN:23,(anonymous_2)
FN:25,(anonymous_3)
FN:26,(anonymous_4)
FN:29,(anonymous_5)
FN:32,(anonymous_6)
FN:77,(anonymous_7)
FNF:8
FNH:0
FNDA:0,(anonymous_0)
FNDA:0,(anonymous_1)
FNDA:0,(anonymous_2)
FNDA:0,(anonymous_3)
FNDA:0,(anonymous_4)
FNDA:0,(anonymous_5)
FNDA:0,(anonymous_6)
FNDA:0,(anonymous_7)
DA:3,0
DA:9,0
DA:16,0
DA:18,0
DA:19,0
DA:21,0
DA:22,0
DA:23,0
DA:24,0
DA:25,0
DA:26,0
DA:28,0
DA:29,0
DA:31,0
DA:32,0
DA:36,0
DA:37,0
DA:38,0
DA:40,0
DA:47,0
DA:48,0
DA:49,0
DA:51,0
DA:77,0
DA:115,0
DA:134,0
LF:26
LH:0
BRDA:28,0,0,0
BRDA:28,0,1,0
BRDA:31,1,0,0
BRDA:31,1,1,0
BRDA:40,2,0,0
BRDA:40,2,1,0
BRDA:40,3,0,0
BRDA:40,3,1,0
BRDA:42,4,0,0
BRDA:42,4,1,0
BRDA:81,5,0,0
BRDA:81,5,1,0
BRDA:83,6,0,0
BRDA:83,6,1,0
BRDA:92,7,0,0
BRDA:92,7,1,0
BRDA:94,8,0,0
BRDA:94,8,1,0
BRDA:96,9,0,0
BRDA:96,9,1,0
BRDA:105,10,0,0
BRDA:105,10,1,0
BRDA:107,11,0,0
BRDA:107,11,1,0
BRF:24
BRH:0
end_of_record
TN:
SF:src\data\pretestQuestions.js
FN:108,(anonymous_0)
FNF:1
FNH:0
FNDA:0,(anonymous_0)
DA:4,0
DA:61,0
DA:100,0
DA:108,0
LF:4
LH:0
BRF:0
BRH:0
end_of_record
TN:
SF:src\data\scoringEngine.js
FN:34,(anonymous_0)
FN:39,(anonymous_1)
FN:40,(anonymous_2)
FN:43,(anonymous_3)
FN:58,(anonymous_4)
FN:88,(anonymous_5)
FN:137,(anonymous_6)
FNF:7
FNH:7
FNDA:6,(anonymous_0)
FNDA:45,(anonymous_1)
FNDA:45,(anonymous_2)
FNDA:17,(anonymous_3)
FNDA:6,(anonymous_4)
FNDA:3,(anonymous_5)
FNDA:3,(anonymous_6)
DA:13,1
DA:20,1
DA:34,1
DA:35,6
DA:37,6
DA:38,21
DA:39,45
DA:40,45
DA:42,21
DA:43,17
DA:44,9
DA:46,12
DA:50,6
DA:58,1
DA:59,6
DA:60,6
DA:62,6
DA:63,21
DA:64,8
DA:65,8
DA:69,6
DA:75,1
DA:88,1
DA:89,3
DA:90,3
DA:92,3
DA:98,3
DA:105,3
DA:111,3
DA:137,1
DA:139,3
DA:140,3
DA:143,3
DA:144,3
DA:146,3
DA:147,3
DA:150,3
DA:152,3
LF:38
LH:38
BRDA:40,0,0,45
BRDA:40,0,1,17
BRDA:42,1,0,9
BRDA:42,1,1,12
BRDA:63,2,0,8
BRDA:63,2,1,13
BRDA:89,3,0,3
BRDA:89,3,1,0
BRDA:90,4,0,3
BRDA:90,4,1,0
BRDA:114,5,0,3
BRDA:114,5,1,0
BRDA:119,6,0,3
BRDA:119,6,1,0
BRDA:124,7,0,3
BRDA:124,7,1,0
BRDA:146,8,0,3
BRDA:146,8,1,0
BRDA:147,9,0,3
BRDA:147,9,1,0
BRF:20
BRH:13
end_of_record
TN:
SF:src\layouts\AuthLayout.jsx
FN:5,AuthLayout
FN:9,(anonymous_1)
FNF:2
FNH:1
FNDA:1,AuthLayout
FNDA:0,(anonymous_1)
DA:6,1
DA:7,1
DA:9,1
DA:10,0
DA:13,1
LF:5
LH:4
BRDA:29,0,0,0
BRDA:29,0,1,1
BRDA:30,1,0,0
BRDA:30,1,1,1
BRDA:32,2,0,0
BRDA:32,2,1,1
BRF:6
BRH:3
end_of_record
TN:
SF:src\layouts\MainLayout.jsx
FN:32,MainLayout
FN:39,(anonymous_1)
FN:45,(anonymous_2)
FN:55,(anonymous_3)
FN:61,(anonymous_4)
FN:75,(anonymous_5)
FN:79,(anonymous_6)
FN:102,(anonymous_7)
FN:118,(anonymous_8)
FN:118,(anonymous_9)
FN:129,(anonymous_10)
FN:147,(anonymous_11)
FN:150,(anonymous_12)
FNF:13
FNH:0
FNDA:0,MainLayout
FNDA:0,(anonymous_1)
FNDA:0,(anonymous_2)
FNDA:0,(anonymous_3)
FNDA:0,(anonymous_4)
FNDA:0,(anonymous_5)
FNDA:0,(anonymous_6)
FNDA:0,(anonymous_7)
FNDA:0,(anonymous_8)
FNDA:0,(anonymous_9)
FNDA:0,(anonymous_10)
FNDA:0,(anonymous_11)
FNDA:0,(anonymous_12)
DA:24,0
DA:33,0
DA:34,0
DA:35,0
DA:36,0
DA:37,0
DA:39,0
DA:40,0
DA:41,0
DA:45,0
DA:46,0
DA:47,0
DA:51,0
DA:55,0
DA:61,0
DA:76,0
DA:80,0
DA:102,0
DA:118,0
DA:129,0
DA:147,0
DA:150,0
LF:22
LH:0
BRDA:46,0,0,0
BRDA:46,0,1,0
BRDA:52,1,0,0
BRDA:52,1,1,0
BRDA:54,2,0,0
BRDA:54,2,1,0
BRDA:59,3,0,0
BRDA:59,3,1,0
BRDA:80,4,0,0
BRDA:80,4,1,0
BRDA:94,5,0,0
BRDA:94,5,1,0
BRDA:98,6,0,0
BRDA:98,6,1,0
BRDA:99,7,0,0
BRDA:99,7,1,0
BRDA:105,8,0,0
BRDA:105,8,1,0
BRDA:124,9,0,0
BRDA:124,9,1,0
BRDA:126,10,0,0
BRDA:126,10,1,0
BRDA:137,11,0,0
BRDA:137,11,1,0
BRF:24
BRH:0
end_of_record
TN:
SF:src\pages\AccountPage.jsx
FN:7,AccountPage
FN:29,(anonymous_1)
FN:36,(anonymous_2)
FN:44,(anonymous_3)
FN:70,(anonymous_4)
FN:112,(anonymous_5)
FN:178,(anonymous_6)
FN:189,(anonymous_7)
FN:200,(anonymous_8)
FNF:9
FNH:0
FNDA:0,AccountPage
FNDA:0,(anonymous_1)
FNDA:0,(anonymous_2)
FNDA:0,(anonymous_3)
FNDA:0,(anonymous_4)
FNDA:0,(anonymous_5)
FNDA:0,(anonymous_6)
FNDA:0,(anonymous_7)
FNDA:0,(anonymous_8)
DA:8,0
DA:9,0
DA:10,0
DA:11,0
DA:12,0
DA:14,0
DA:15,0
DA:16,0
DA:17,0
DA:18,0
DA:19,0
DA:21,0
DA:29,0
DA:30,0
DA:31,0
DA:32,0
DA:33,0
DA:34,0
DA:35,0
DA:36,0
DA:38,0
DA:40,0
DA:44,0
DA:45,0
DA:46,0
DA:48,0
DA:49,0
DA:50,0
DA:53,0
DA:54,0
DA:55,0
DA:58,0
DA:59,0
DA:60,0
DA:63,0
DA:64,0
DA:65,0
DA:66,0
DA:67,0
DA:68,0
DA:69,0
DA:70,0
DA:72,0
DA:74,0
DA:78,0
DA:112,0
DA:178,0
DA:189,0
DA:200,0
LF:49
LH:0
BRDA:9,0,0,0
BRDA:9,0,1,0
BRDA:21,1,0,0
BRDA:21,1,1,0
BRDA:48,2,0,0
BRDA:48,2,1,0
BRDA:48,3,0,0
BRDA:48,3,1,0
BRDA:48,3,2,0
BRDA:53,4,0,0
BRDA:53,4,1,0
BRDA:58,5,0,0
BRDA:58,5,1,0
BRDA:98,6,0,0
BRDA:98,6,1,0
BRDA:102,7,0,0
BRDA:102,7,1,0
BRDA:122,8,0,0
BRDA:122,8,1,0
BRDA:129,9,0,0
BRDA:129,9,1,0
BRDA:129,10,0,0
BRDA:129,10,1,0
BRDA:151,11,0,0
BRDA:151,11,1,0
BRDA:162,12,0,0
BRDA:162,12,1,0
BRDA:163,13,0,0
BRDA:163,13,1,0
BRDA:204,14,0,0
BRDA:204,14,1,0
BRF:31
BRH:0
end_of_record
TN:
SF:src\pages\ConsultationPage.jsx
FN:12,ConsultationPage
FN:24,(anonymous_1)
FN:29,(anonymous_2)
FN:32,(anonymous_3)
FN:36,(anonymous_4)
FN:49,(anonymous_5)
FN:56,(anonymous_6)
FN:62,(anonymous_7)
FN:67,(anonymous_8)
FN:72,(anonymous_9)
FN:108,(anonymous_10)
FN:112,(anonymous_11)
FN:121,(anonymous_12)
FN:134,(anonymous_13)
FN:146,(anonymous_14)
FN:146,(anonymous_15)
FN:174,(anonymous_16)
FN:202,(anonymous_17)
FNF:18
FNH:0
FNDA:0,ConsultationPage
FNDA:0,(anonymous_1)
FNDA:0,(anonymous_2)
FNDA:0,(anonymous_3)
FNDA:0,(anonymous_4)
FNDA:0,(anonymous_5)
FNDA:0,(anonymous_6)
FNDA:0,(anonymous_7)
FNDA:0,(anonymous_8)
FNDA:0,(anonymous_9)
FNDA:0,(anonymous_10)
FNDA:0,(anonymous_11)
FNDA:0,(anonymous_12)
FNDA:0,(anonymous_13)
FNDA:0,(anonymous_14)
FNDA:0,(anonymous_15)
FNDA:0,(anonymous_16)
FNDA:0,(anonymous_17)
DA:13,0
DA:14,0
DA:19,0
DA:22,0
DA:23,0
DA:24,0
DA:26,0
DA:27,0
DA:29,0
DA:32,0
DA:33,0
DA:36,0
DA:37,0
DA:38,0
DA:39,0
DA:40,0
DA:41,0
DA:42,0
DA:43,0
DA:44,0
DA:46,0
DA:49,0
DA:50,0
DA:51,0
DA:52,0
DA:56,0
DA:57,0
DA:58,0
DA:59,0
DA:62,0
DA:63,0
DA:64,0
DA:67,0
DA:68,0
DA:69,0
DA:72,0
DA:73,0
DA:74,0
DA:77,0
DA:78,0
DA:86,0
DA:109,0
DA:112,0
DA:121,0
DA:134,0
DA:146,0
DA:175,0
DA:202,0
LF:48
LH:0
BRDA:14,0,0,0
BRDA:14,0,1,0
BRDA:29,1,0,0
BRDA:29,1,1,0
BRDA:38,2,0,0
BRDA:38,2,1,0
BRDA:38,3,0,0
BRDA:38,3,1,0
BRDA:38,3,2,0
BRDA:38,3,3,0
BRDA:41,4,0,0
BRDA:41,4,1,0
BRDA:50,5,0,0
BRDA:50,5,1,0
BRDA:50,6,0,0
BRDA:50,6,1,0
BRDA:64,7,0,0
BRDA:64,7,1,0
BRDA:69,8,0,0
BRDA:69,8,1,0
BRDA:77,9,0,0
BRDA:77,9,1,0
BRDA:88,10,0,0
BRDA:88,10,1,0
BRDA:96,11,0,0
BRDA:96,11,1,0
BRDA:103,12,0,0
BRDA:103,12,1,0
BRDA:105,13,0,0
BRDA:105,13,1,0
BRDA:111,14,0,0
BRDA:111,14,1,0
BRDA:143,15,0,0
BRDA:143,15,1,0
BRDA:147,16,0,0
BRDA:147,16,1,0
BRDA:149,17,0,0
BRDA:149,17,1,0
BRDA:160,18,0,0
BRDA:160,18,1,0
BRDA:168,19,0,0
BRDA:168,19,1,0
BRDA:177,20,0,0
BRDA:177,20,1,0
BRDA:177,21,0,0
BRDA:177,21,1,0
BRDA:185,22,0,0
BRDA:185,22,1,0
BRDA:196,23,0,0
BRDA:196,23,1,0
BRDA:211,24,0,0
BRDA:211,24,1,0
BRDA:215,25,0,0
BRDA:215,25,1,0
BRDA:219,26,0,0
BRDA:219,26,1,0
BRDA:225,27,0,0
BRDA:225,27,1,0
BRDA:225,27,2,0
BRF:59
BRH:0
end_of_record
TN:
SF:src\pages\DashboardPage.jsx
FN:26,StatCards
FN:71,GayaChart
FN:101,PolaChart
FN:134,SmartInsight
FN:135,(anonymous_4)
FN:141,(anonymous_5)
FN:156,(anonymous_6)
FN:205,DashboardPage
FN:211,(anonymous_8)
FN:212,(anonymous_9)
FN:249,(anonymous_10)
FN:275,(anonymous_11)
FNF:12
FNH:0
FNDA:0,StatCards
FNDA:0,GayaChart
FNDA:0,PolaChart
FNDA:0,SmartInsight
FNDA:0,(anonymous_4)
FNDA:0,(anonymous_5)
FNDA:0,(anonymous_6)
FNDA:0,DashboardPage
FNDA:0,(anonymous_8)
FNDA:0,(anonymous_9)
FNDA:0,(anonymous_10)
FNDA:0,(anonymous_11)
DA:17,0
DA:27,0
DA:69,0
DA:72,0
DA:99,0
DA:102,0
DA:132,0
DA:135,0
DA:136,0
DA:137,0
DA:138,0
DA:141,0
DA:142,0
DA:143,0
DA:144,0
DA:145,0
DA:146,0
DA:149,0
DA:156,0
DA:197,0
DA:206,0
DA:207,0
DA:208,0
DA:209,0
DA:211,0
DA:212,0
DA:213,0
DA:214,0
DA:215,0
DA:216,0
DA:219,0
DA:220,0
DA:222,0
DA:225,0
DA:228,0
DA:229,0
DA:237,0
DA:238,0
DA:241,0
DA:243,0
DA:249,0
DA:255,0
DA:275,0
LF:43
LH:0
BRDA:34,0,0,0
BRDA:34,0,1,0
BRDA:43,1,0,0
BRDA:43,1,1,0
BRDA:52,2,0,0
BRDA:52,2,1,0
BRDA:61,3,0,0
BRDA:61,3,1,0
BRDA:136,4,0,0
BRDA:136,4,1,0
BRDA:137,5,0,0
BRDA:137,5,1,0
BRDA:142,6,0,0
BRDA:142,6,1,0
BRDA:143,7,0,0
BRDA:143,7,1,0
BRDA:144,8,0,0
BRDA:144,8,1,0
BRDA:145,9,0,0
BRDA:145,9,1,0
BRDA:150,10,0,0
BRDA:150,10,1,0
BRDA:151,11,0,0
BRDA:151,11,1,0
BRDA:207,12,0,0
BRDA:207,12,1,0
BRDA:214,13,0,0
BRDA:214,13,1,0
BRDA:228,14,0,0
BRDA:228,14,1,0
BRDA:237,15,0,0
BRDA:237,15,1,0
BRDA:241,16,0,0
BRDA:241,16,1,0
BRDA:243,17,0,0
BRDA:243,17,1,0
BRDA:244,18,0,0
BRDA:244,18,1,0
BRDA:245,19,0,0
BRDA:245,19,1,0
BRDA:246,20,0,0
BRDA:246,20,1,0
BRDA:249,21,0,0
BRDA:249,21,1,0
BRDA:249,22,0,0
BRDA:249,22,1,0
BRDA:252,23,0,0
BRDA:252,23,1,0
BRDA:268,24,0,0
BRDA:268,24,1,0
BRDA:269,25,0,0
BRDA:269,25,1,0
BRDA:270,26,0,0
BRDA:270,26,1,0
BRF:54
BRH:0
end_of_record
TN:
SF:src\pages\HistoryPage.jsx
FN:8,HistoryPage
FN:13,(anonymous_1)
FN:14,(anonymous_2)
FN:29,(anonymous_3)
FN:70,(anonymous_4)
FN:105,(anonymous_5)
FNF:6
FNH:0
FNDA:0,HistoryPage
FNDA:0,(anonymous_1)
FNDA:0,(anonymous_2)
FNDA:0,(anonymous_3)
FNDA:0,(anonymous_4)
FNDA:0,(anonymous_5)
DA:9,0
DA:10,0
DA:11,0
DA:13,0
DA:14,0
DA:15,0
DA:16,0
DA:17,0
DA:18,0
DA:21,0
DA:23,0
DA:26,0
DA:29,0
DA:30,0
DA:39,0
DA:40,0
DA:48,0
DA:71,0
DA:106,0
LF:19
LH:0
BRDA:16,0,0,0
BRDA:16,0,1,0
BRDA:39,1,0,0
BRDA:39,1,1,0
BRDA:59,2,0,0
BRDA:59,2,1,0
BRDA:105,3,0,0
BRDA:105,3,1,0
BRF:8
BRH:0
end_of_record
TN:
SF:src\pages\LandingPage.jsx
FN:7,LandingPage
FNF:1
FNH:0
FNDA:0,LandingPage
DA:8,0
DA:10,0
LF:2
LH:0
BRDA:26,0,0,0
BRDA:26,0,1,0
BRDA:27,1,0,0
BRDA:27,1,1,0
BRDA:29,2,0,0
BRDA:29,2,1,0
BRF:6
BRH:0
end_of_record
TN:
SF:src\pages\LoginPage.jsx
FN:9,LoginPage
FN:18,(anonymous_1)
FN:70,(anonymous_2)
FN:85,(anonymous_3)
FN:90,(anonymous_4)
FNF:5
FNH:0
FNDA:0,LoginPage
FNDA:0,(anonymous_1)
FNDA:0,(anonymous_2)
FNDA:0,(anonymous_3)
FNDA:0,(anonymous_4)
DA:10,0
DA:11,0
DA:12,0
DA:13,0
DA:14,0
DA:15,0
DA:16,0
DA:18,0
DA:19,0
DA:20,0
DA:22,0
DA:23,0
DA:24,0
DA:27,0
DA:28,0
DA:29,0
DA:30,0
DA:32,0
DA:34,0
DA:38,0
DA:70,0
DA:85,0
DA:90,0
LF:23
LH:0
BRDA:22,0,0,0
BRDA:22,0,1,0
BRDA:22,1,0,0
BRDA:22,1,1,0
BRDA:57,2,0,0
BRDA:57,2,1,0
BRDA:81,3,0,0
BRDA:81,3,1,0
BRDA:92,4,0,0
BRDA:92,4,1,0
BRDA:98,5,0,0
BRDA:98,5,1,0
BRF:12
BRH:0
end_of_record
TN:
SF:src\pages\NotFoundPage.jsx
FN:6,NotFoundPage
FN:28,(anonymous_1)
FNF:2
FNH:0
FNDA:0,NotFoundPage
FNDA:0,(anonymous_1)
DA:7,0
DA:9,0
DA:28,0
LF:3
LH:0
BRDA:15,0,0,0
BRDA:15,0,1,0
BRDA:16,1,0,0
BRDA:16,1,1,0
BRDA:18,2,0,0
BRDA:18,2,1,0
BRF:6
BRH:0
end_of_record
TN:
SF:src\pages\PaymentPage.jsx
FN:62,ErrorModal
FN:90,PaymentPage
FN:107,(anonymous_2)
FN:113,(anonymous_3)
FN:118,(anonymous_4)
FN:121,(anonymous_5)
FN:124,(anonymous_6)
FN:134,(anonymous_7)
FN:146,(anonymous_8)
FN:149,(anonymous_9)
FN:156,(anonymous_10)
FN:156,(anonymous_11)
FN:182,(anonymous_12)
FN:183,(anonymous_13)
FN:189,(anonymous_14)
FN:216,(anonymous_15)
FN:251,(anonymous_16)
FN:271,(anonymous_17)
FN:278,(anonymous_18)
FN:282,(anonymous_19)
FN:313,(anonymous_20)
FN:363,(anonymous_21)
FNF:22
FNH:0
FNDA:0,ErrorModal
FNDA:0,PaymentPage
FNDA:0,(anonymous_2)
FNDA:0,(anonymous_3)
FNDA:0,(anonymous_4)
FNDA:0,(anonymous_5)
FNDA:0,(anonymous_6)
FNDA:0,(anonymous_7)
FNDA:0,(anonymous_8)
FNDA:0,(anonymous_9)
FNDA:0,(anonymous_10)
FNDA:0,(anonymous_11)
FNDA:0,(anonymous_12)
FNDA:0,(anonymous_13)
FNDA:0,(anonymous_14)
FNDA:0,(anonymous_15)
FNDA:0,(anonymous_16)
FNDA:0,(anonymous_17)
FNDA:0,(anonymous_18)
FNDA:0,(anonymous_19)
FNDA:0,(anonymous_20)
FNDA:0,(anonymous_21)
DA:13,0
DA:15,0
DA:59,0
DA:63,0
DA:84,0
DA:91,0
DA:92,0
DA:94,0
DA:95,0
DA:96,0
DA:97,0
DA:98,0
DA:101,0
DA:102,0
DA:103,0
DA:105,0
DA:107,0
DA:108,0
DA:109,0
DA:110,0
DA:113,0
DA:114,0
DA:115,0
DA:118,0
DA:121,0
DA:122,0
DA:123,0
DA:124,0
DA:126,0
DA:128,0
DA:129,0
DA:134,0
DA:135,0
DA:136,0
DA:137,0
DA:138,0
DA:140,0
DA:141,0
DA:142,0
DA:144,0
DA:145,0
DA:146,0
DA:147,0
DA:148,0
DA:149,0
DA:151,0
DA:152,0
DA:156,0
DA:158,0
DA:159,0
DA:176,0
DA:182,0
DA:183,0
DA:189,0
DA:217,0
DA:252,0
DA:272,0
DA:279,0
DA:282,0
DA:313,0
DA:363,0
LF:61
LH:0
BRDA:114,0,0,0
BRDA:114,0,1,0
BRDA:136,1,0,0
BRDA:136,1,1,0
BRDA:140,2,0,0
BRDA:140,2,1,0
BRDA:158,3,0,0
BRDA:158,3,1,0
BRDA:179,4,0,0
BRDA:179,4,1,0
BRDA:189,5,0,0
BRDA:189,5,1,0
BRDA:237,6,0,0
BRDA:237,6,1,0
BRDA:249,7,0,0
BRDA:249,7,1,0
BRDA:254,8,0,0
BRDA:254,8,1,0
BRDA:254,9,0,0
BRDA:254,9,1,0
BRDA:257,10,0,0
BRDA:257,10,1,0
BRDA:260,11,0,0
BRDA:260,11,1,0
BRDA:267,12,0,0
BRDA:267,12,1,0
BRDA:281,13,0,0
BRDA:281,13,1,0
BRDA:281,14,0,0
BRDA:281,14,1,0
BRDA:284,15,0,0
BRDA:284,15,1,0
BRDA:285,16,0,0
BRDA:285,16,1,0
BRDA:289,17,0,0
BRDA:289,17,1,0
BRDA:293,18,0,0
BRDA:293,18,1,0
BRDA:302,19,0,0
BRDA:302,19,1,0
BRDA:309,20,0,0
BRDA:309,20,1,0
BRDA:317,21,0,0
BRDA:317,21,1,0
BRDA:328,22,0,0
BRDA:328,22,1,0
BRDA:347,23,0,0
BRDA:347,23,1,0
BRDA:358,24,0,0
BRDA:358,24,1,0
BRDA:376,25,0,0
BRDA:376,25,1,0
BRDA:394,26,0,0
BRDA:394,26,1,0
BRDA:420,27,0,0
BRDA:420,27,1,0
BRDA:439,28,0,0
BRDA:439,28,1,0
BRDA:472,29,0,0
BRDA:472,29,1,0
BRF:60
BRH:0
end_of_record
TN:
SF:src\pages\PretestPage.jsx
FN:5,PretestPage
FNF:1
FNH:0
FNDA:0,PretestPage
DA:6,0
LF:1
LH:0
BRF:0
BRH:0
end_of_record
TN:
SF:src\pages\RegisterPage.jsx
FN:9,RegisterPage
FN:20,(anonymous_1)
FN:82,(anonymous_2)
FN:97,(anonymous_3)
FN:112,(anonymous_4)
FN:117,(anonymous_5)
FN:134,(anonymous_6)
FNF:7
FNH:0
FNDA:0,RegisterPage
FNDA:0,(anonymous_1)
FNDA:0,(anonymous_2)
FNDA:0,(anonymous_3)
FNDA:0,(anonymous_4)
FNDA:0,(anonymous_5)
FNDA:0,(anonymous_6)
DA:10,0
DA:11,0
DA:12,0
DA:13,0
DA:14,0
DA:15,0
DA:16,0
DA:17,0
DA:18,0
DA:20,0
DA:21,0
DA:22,0
DA:24,0
DA:25,0
DA:26,0
DA:29,0
DA:30,0
DA:31,0
DA:34,0
DA:35,0
DA:36,0
DA:39,0
DA:40,0
DA:41,0
DA:42,0
DA:44,0
DA:46,0
DA:50,0
DA:82,0
DA:97,0
DA:112,0
DA:117,0
DA:134,0
LF:33
LH:0
BRDA:24,0,0,0
BRDA:24,0,1,0
BRDA:24,1,0,0
BRDA:24,1,1,0
BRDA:24,1,2,0
BRDA:24,1,3,0
BRDA:29,2,0,0
BRDA:29,2,1,0
BRDA:34,3,0,0
BRDA:34,3,1,0
BRDA:69,4,0,0
BRDA:69,4,1,0
BRDA:108,5,0,0
BRDA:108,5,1,0
BRDA:119,6,0,0
BRDA:119,6,1,0
BRDA:130,7,0,0
BRDA:130,7,1,0
BRDA:140,8,0,0
BRDA:140,8,1,0
BRF:20
BRH:0
end_of_record
TN:
SF:src\pages\ResultPage.jsx
FN:16,ResultPage
FN:24,(anonymous_1)
FN:25,(anonymous_2)
FN:103,(anonymous_3)
FN:127,(anonymous_4)
FN:167,(anonymous_5)
FNF:6
FNH:0
FNDA:0,ResultPage
FNDA:0,(anonymous_1)
FNDA:0,(anonymous_2)
FNDA:0,(anonymous_3)
FNDA:0,(anonymous_4)
FNDA:0,(anonymous_5)
DA:14,0
DA:17,0
DA:18,0
DA:19,0
DA:20,0
DA:21,0
DA:24,0
DA:25,0
DA:26,0
DA:28,0
DA:29,0
DA:30,0
DA:31,0
DA:32,0
DA:34,0
DA:37,0
DA:38,0
DA:40,0
DA:43,0
DA:46,0
DA:47,0
DA:55,0
DA:56,0
DA:65,0
DA:66,0
DA:69,0
DA:71,0
DA:73,0
DA:79,0
DA:81,0
DA:104,0
DA:128,0
DA:168,0
LF:33
LH:0
BRDA:19,0,0,0
BRDA:19,0,1,0
BRDA:20,1,0,0
BRDA:20,1,1,0
BRDA:26,2,0,0
BRDA:26,2,1,0
BRDA:26,3,0,0
BRDA:26,3,1,0
BRDA:31,4,0,0
BRDA:31,4,1,0
BRDA:46,5,0,0
BRDA:46,5,1,0
BRDA:55,6,0,0
BRDA:55,6,1,0
BRDA:65,7,0,0
BRDA:65,7,1,0
BRDA:65,8,0,0
BRDA:65,8,1,0
BRDA:69,9,0,0
BRDA:69,9,1,0
BRDA:79,10,0,0
BRDA:79,10,1,0
BRDA:170,11,0,0
BRDA:170,11,1,0
BRDA:170,12,0,0
BRDA:170,12,1,0
BRDA:172,13,0,0
BRDA:172,13,1,0
BRDA:173,14,0,0
BRDA:173,14,1,0
BRF:30
BRH:0
end_of_record
TN:
SF:src\pages\TestPage.jsx
FN:11,TestPage
FN:21,(anonymous_1)
FN:22,(anonymous_2)
FN:31,(anonymous_3)
FN:76,(anonymous_4)
FN:79,(anonymous_5)
FN:83,(anonymous_6)
FN:143,(anonymous_7)
FN:149,(anonymous_8)
FN:161,(anonymous_9)
FN:170,(anonymous_10)
FN:195,(anonymous_11)
FN:201,(anonymous_12)
FNF:13
FNH:0
FNDA:0,TestPage
FNDA:0,(anonymous_1)
FNDA:0,(anonymous_2)
FNDA:0,(anonymous_3)
FNDA:0,(anonymous_4)
FNDA:0,(anonymous_5)
FNDA:0,(anonymous_6)
FNDA:0,(anonymous_7)
FNDA:0,(anonymous_8)
FNDA:0,(anonymous_9)
FNDA:0,(anonymous_10)
FNDA:0,(anonymous_11)
FNDA:0,(anonymous_12)
DA:12,0
DA:13,0
DA:14,0
DA:15,0
DA:16,0
DA:17,0
DA:18,0
DA:21,0
DA:22,0
DA:23,0
DA:24,0
DA:25,0
DA:28,0
DA:29,0
DA:31,0
DA:33,0
DA:34,0
DA:35,0
DA:37,0
DA:38,0
DA:40,0
DA:49,0
DA:50,0
DA:53,0
DA:54,0
DA:55,0
DA:57,0
DA:60,0
DA:63,0
DA:64,0
DA:72,0
DA:73,0
DA:74,0
DA:76,0
DA:77,0
DA:78,0
DA:79,0
DA:83,0
DA:84,0
DA:85,0
DA:86,0
DA:89,0
DA:90,0
DA:91,0
DA:99,0
DA:101,0
DA:105,0
DA:107,0
DA:108,0
DA:112,0
DA:144,0
DA:149,0
DA:161,0
DA:170,0
DA:196,0
DA:201,0
LF:56
LH:0
BRDA:25,0,0,0
BRDA:25,0,1,0
BRDA:33,1,0,0
BRDA:33,1,1,0
BRDA:63,2,0,0
BRDA:63,2,1,0
BRDA:63,3,0,0
BRDA:63,3,1,0
BRDA:78,4,0,0
BRDA:78,4,1,0
BRDA:89,5,0,0
BRDA:89,5,1,0
BRDA:136,6,0,0
BRDA:136,6,1,0
BRDA:147,7,0,0
BRDA:147,7,1,0
BRDA:167,8,0,0
BRDA:167,8,1,0
BRDA:178,9,0,0
BRDA:178,9,1,0
BRDA:180,10,0,0
BRDA:180,10,1,0
BRDA:199,11,0,0
BRDA:199,11,1,0
BRDA:200,12,0,0
BRDA:200,12,1,0
BRF:26
BRH:0
end_of_record
TN:
SF:src\routes\AppRoutes.jsx
FN:9,(anonymous_0)
FN:10,(anonymous_1)
FN:11,(anonymous_2)
FN:12,(anonymous_3)
FN:13,(anonymous_4)
FN:14,(anonymous_5)
FN:15,(anonymous_6)
FN:16,(anonymous_7)
FN:17,(anonymous_8)
FN:18,(anonymous_9)
FN:19,(anonymous_10)
FN:20,(anonymous_11)
FN:23,(anonymous_12)
FN:31,(anonymous_13)
FN:41,(anonymous_14)
FN:50,AppRoutes
FNF:16
FNH:0
FNDA:0,(anonymous_0)
FNDA:0,(anonymous_1)
FNDA:0,(anonymous_2)
FNDA:0,(anonymous_3)
FNDA:0,(anonymous_4)
FNDA:0,(anonymous_5)
FNDA:0,(anonymous_6)
FNDA:0,(anonymous_7)
FNDA:0,(anonymous_8)
FNDA:0,(anonymous_9)
FNDA:0,(anonymous_10)
FNDA:0,(anonymous_11)
FNDA:0,(anonymous_12)
FNDA:0,(anonymous_13)
FNDA:0,(anonymous_14)
FNDA:0,AppRoutes
DA:9,0
DA:10,0
DA:11,0
DA:12,0
DA:13,0
DA:14,0
DA:15,0
DA:16,0
DA:17,0
DA:18,0
DA:19,0
DA:20,0
DA:23,0
DA:24,0
DA:31,0
DA:32,0
DA:34,0
DA:35,0
DA:37,0
DA:41,0
DA:42,0
DA:44,0
DA:45,0
DA:47,0
DA:51,0
LF:25
LH:0
BRDA:34,0,0,0
BRDA:34,0,1,0
BRDA:35,1,0,0
BRDA:35,1,1,0
BRDA:44,2,0,0
BRDA:44,2,1,0
BRDA:45,3,0,0
BRDA:45,3,1,0
BRF:8
BRH:0
end_of_record
TN:
SF:src\services\aiService.js
FN:10,(anonymous_0)
FN:46,(anonymous_1)
FNF:2
FNH:2
FNDA:4,(anonymous_0)
FNDA:3,(anonymous_1)
DA:1,1
DA:10,1
DA:11,4
DA:12,4
DA:13,1
DA:18,3
DA:19,4
DA:20,4
DA:22,4
DA:37,4
DA:46,4
DA:47,3
DA:49,3
DA:64,3
DA:65,1
DA:66,1
DA:69,2
DA:71,2
DA:74,3
DA:76,3
DA:79,4
LF:21
LH:21
BRDA:12,0,0,1
BRDA:12,0,1,3
BRDA:18,1,0,3
BRDA:18,1,1,3
BRDA:19,2,0,4
BRDA:19,2,1,3
BRDA:20,3,0,4
BRDA:20,3,1,2
BRDA:64,4,0,1
BRDA:64,4,1,2
BRDA:71,5,0,2
BRDA:71,5,1,1
BRF:12
BRH:12
end_of_record
TN:
SF:src\services\chatUsageService.js
FN:7,(anonymous_0)
FN:19,(anonymous_1)
FNF:2
FNH:2
FNDA:3,(anonymous_0)
FNDA:3,(anonymous_1)
DA:7,1
DA:8,3
DA:9,3
DA:10,3
DA:11,2
DA:19,1
DA:20,3
DA:21,3
DA:23,3
DA:24,1
DA:25,1
DA:28,2
DA:29,3
DA:30,2
LF:14
LH:14
BRDA:10,0,0,1
BRDA:10,0,1,2
BRDA:11,1,0,2
BRDA:11,1,1,1
BRDA:23,2,0,1
BRDA:23,2,1,2
BRDA:28,3,0,2
BRDA:28,3,1,1
BRF:8
BRH:8
end_of_record
TN:
SF:src\services\questionService.js
FN:12,(anonymous_0)
FN:19,(anonymous_1)
FN:25,(anonymous_2)
FN:28,(anonymous_3)
FN:34,(anonymous_4)
FN:45,(anonymous_5)
FN:53,(anonymous_6)
FN:61,(anonymous_7)
FNF:8
FNH:8
FNDA:1,(anonymous_0)
FNDA:1,(anonymous_1)
FNDA:1,(anonymous_2)
FNDA:1,(anonymous_3)
FNDA:1,(anonymous_4)
FNDA:1,(anonymous_5)
FNDA:1,(anonymous_6)
FNDA:1,(anonymous_7)
DA:7,1
DA:12,1
DA:13,1
DA:18,1
DA:19,1
DA:25,1
DA:26,1
DA:27,1
DA:28,1
DA:34,1
DA:35,1
DA:45,1
DA:46,1
DA:47,1
DA:53,1
DA:54,1
DA:55,1
DA:61,1
DA:62,1
DA:63,1
LF:20
LH:20
BRF:0
BRH:0
end_of_record
TN:
SF:src\services\testResultService.js
FN:12,(anonymous_0)
FN:23,(anonymous_1)
FN:30,(anonymous_2)
FN:41,(anonymous_3)
FN:61,(anonymous_4)
FN:75,(anonymous_5)
FN:83,(anonymous_6)
FN:98,(anonymous_7)
FN:99,(anonymous_8)
FNF:9
FNH:9
FNDA:1,(anonymous_0)
FNDA:3,(anonymous_1)
FNDA:2,(anonymous_2)
FNDA:2,(anonymous_3)
FNDA:2,(anonymous_4)
FNDA:1,(anonymous_5)
FNDA:2,(anonymous_6)
FNDA:1,(anonymous_7)
FNDA:1,(anonymous_8)
DA:7,1
DA:12,1
DA:13,1
DA:23,1
DA:24,3
DA:29,3
DA:30,3
DA:41,1
DA:42,2
DA:48,2
DA:49,2
DA:50,1
DA:51,1
DA:61,1
DA:62,2
DA:63,2
DA:64,2
DA:65,1
DA:75,1
DA:76,1
DA:77,1
DA:83,1
DA:84,2
DA:86,2
DA:87,1
DA:97,1
DA:98,1
DA:99,1
DA:101,1
LF:29
LH:29
BRDA:34,0,0,2
BRDA:34,0,1,1
BRDA:49,1,0,1
BRDA:49,1,1,1
BRDA:54,2,0,1
BRDA:54,2,1,1
BRDA:64,3,0,1
BRDA:64,3,1,1
BRDA:68,4,0,1
BRDA:68,4,1,1
BRDA:86,5,0,1
BRDA:86,5,1,1
BRDA:98,6,0,1
BRDA:98,6,1,0
BRDA:99,7,0,1
BRDA:99,7,1,0
BRDA:104,8,0,1
BRDA:104,8,1,0
BRDA:105,9,0,2
BRDA:105,9,1,0
BRDA:106,10,0,1
BRDA:106,10,1,0
BRF:22
BRH:17
end_of_record
TN:
SF:src\services\userService.js
FN:7,(anonymous_0)
FN:24,(anonymous_1)
FN:34,(anonymous_2)
FN:45,(anonymous_3)
FNF:4
FNH:4
FNDA:1,(anonymous_0)
FNDA:2,(anonymous_1)
FNDA:1,(anonymous_2)
FNDA:1,(anonymous_3)
DA:7,2
DA:8,1
DA:9,1
DA:24,2
DA:25,2
DA:26,2
DA:27,2
DA:28,1
DA:34,2
DA:35,1
DA:36,1
DA:45,2
DA:46,1
DA:47,1
LF:14
LH:14
BRDA:27,0,0,1
BRDA:27,0,1,1
BRF:2
BRH:2
end_of_record
TN:
SF:src\utils\firebaseErrors.js
FN:4,(anonymous_0)
FNF:1
FNH:1
FNDA:7,(anonymous_0)
DA:4,1
DA:5,7
DA:7,7
DA:20,7
LF:4
LH:4
BRDA:5,0,0,7
BRDA:5,0,1,2
BRDA:20,1,0,7
BRDA:20,1,1,4
BRDA:20,1,2,3
BRF:5
BRH:5
end_of_record
